<?xml version="1.0" encoding="UTF-8"?>
<!-- Generated by org.testng.reporters.JUnitReportReporter -->
<testsuite hostname="sowmiii" failures="0" tests="3" name="com.Features.DependTest" time="0.125" errors="0" timestamp="2023-03-09T21:10:25 IST" skipped="0">
  <testcase classname="com.Features.DependTest" name="HigherSecoundry" time="0.102"/>
  <system-out/>
  <testcase classname="com.Features.DependTest" name="College" time="0.016"/>
  <system-out/>
  <testcase classname="com.Features.DependTest" name="Secoundry" time="0.007"/>
  <system-out/>
</testsuite> <!-- com.Features.DependTest -->
