<?xml version="1.0" encoding="UTF-8"?>
<!-- Generated by org.testng.reporters.JUnitReportReporter -->
<testsuite hostname="sowmiii" failures="0" tests="6" name="com.Runner.TestNg_Runner" time="0.083" errors="0" timestamp="2023-03-07T22:39:58 IST" skipped="0">
  <testcase classname="com.Runner.TestNg_Runner" name="yourname" time="0.009"/>
  <system-out/>
  <testcase classname="com.Runner.TestNg_Runner" name="PSNovel" time="0.007"/>
  <system-out/>
  <testcase classname="com.Runner.TestNg_Runner" name="wynkmusic" time="0.011"/>
  <system-out/>
  <testcase classname="com.Runner.TestNg_Runner" name="Facebook" time="0.038"/>
  <system-out/>
  <testcase classname="com.Runner.TestNg_Runner" name="Spotify" time="0.011"/>
  <system-out/>
  <testcase classname="com.Runner.TestNg_Runner" name="instagram" time="0.007"/>
  <system-out/>
</testsuite> <!-- com.Runner.TestNg_Runner -->
