<?xml version="1.0" encoding="UTF-8"?>
<!-- Generated by org.testng.reporters.JUnitReportReporter -->
<testsuite hostname="sowmiii" failures="0" tests="3" name="com.Features.Dataprovider" time="0.103" errors="0" timestamp="2023-03-07T22:35:52 IST" skipped="0">
  <testcase classname="com.Features.Dataprovider" name="AccountDetails" time="0.018"/>
  <system-out/>
  <testcase classname="com.Features.Dataprovider" name="AccountDetails" time="0.053"/>
  <system-out/>
  <testcase classname="com.Features.Dataprovider" name="AccountDetails" time="0.032"/>
  <system-out/>
</testsuite> <!-- com.Features.Dataprovider -->
