<?xml version="1.0" encoding="UTF-8"?>
<!-- Generated by org.testng.reporters.JUnitReportReporter -->
<testsuite hostname="sowmiii" failures="0" tests="4" name="com.Features.Runner1" time="0.274" errors="0" timestamp="2023-03-08T21:29:28 IST" skipped="1">
  <testcase classname="com.Features.Runner1" name="Username" time="0.252"/>
  <system-out/>
  <testcase classname="com.Features.Runner1" name="Mobile" time="0.012"/>
  <system-out/>
  <testcase classname="com.Features.Runner1" name="Login" time="0.010"/>
  <system-out/>
  <testcase classname="com.Features.Runner1" name="Mobile1">
    <skipped/>
  </testcase> <!-- Mobile1 -->
  <system-out/>
</testsuite> <!-- com.Features.Runner1 -->
