<?xml version="1.0" encoding="UTF-8"?>
<!-- Generated by org.testng.reporters.JUnitReportReporter -->
<testsuite hostname="sowmiii" failures="0" tests="1" name="com.Features.Soft_Assert" time="0.189" errors="0" timestamp="2023-03-08T21:51:46 IST" skipped="0">
  <testcase classname="com.Features.Soft_Assert" name="username" time="0.189"/>
  <system-out/>
</testsuite> <!-- com.Features.Soft_Assert -->
