<?xml version="1.0" encoding="UTF-8"?>
<!-- Generated by org.testng.reporters.JUnitReportReporter -->
<testsuite hostname="sowmiii" failures="0" tests="2" name="com.Annotations.Simple_Annotaions" time="0.067" errors="0" timestamp="2023-03-01T21:59:01 IST" skipped="1">
  <testcase classname="com.Annotations.Simple_Annotaions" name="dress" time="0.067"/>
  <system-out/>
  <testcase classname="com.Annotations.Simple_Annotaions" name="mobile">
    <skipped/>
  </testcase> <!-- mobile -->
  <system-out/>
</testsuite> <!-- com.Annotations.Simple_Annotaions -->
