<?xml version="1.0" encoding="UTF-8"?>
<!-- Generated by org.testng.reporters.JUnitReportReporter -->
<testsuite hostname="sowmiii" failures="0" tests="1" name="com.Features.Hard_Assert" time="0.074" errors="0" timestamp="2023-03-08T21:45:56 IST" skipped="0">
  <testcase classname="com.Features.Hard_Assert" name="username" time="0.074"/>
  <system-out/>
</testsuite> <!-- com.Features.Hard_Assert -->
