<?xml version="1.0" encoding="UTF-8"?>
<!-- Generated by org.testng.reporters.JUnitReportReporter -->
<testsuite hostname="sowmiii" failures="0" tests="1" name="com.Annotations.ParemeterTest" time="0.152" errors="0" timestamp="2023-03-02T21:39:43 IST" skipped="0">
  <testcase classname="com.Annotations.ParemeterTest" name="AccountDetails" time="0.152"/>
  <system-out/>
</testsuite> <!-- com.Annotations.ParemeterTest -->
