<?xml version="1.0" encoding="UTF-8"?>
<!-- Generated by org.testng.reporters.JUnitReportReporter -->
<testsuite hostname="sowmiii" failures="0" tests="2" name="com.Features.Timeout" time="0.094" errors="0" timestamp="2023-03-06T20:32:43 IST" skipped="0">
  <testcase classname="com.Features.Timeout" name="data1" time="0.024"/>
  <system-out/>
  <testcase classname="com.Features.Timeout" name="Value1" time="0.070"/>
  <system-out/>
</testsuite> <!-- com.Features.Timeout -->
